C:\USERS\KEVAN\DOCUMENTS\GITHUB\DICEME\DEBUG\DICEME.EXE
C:\USERS\KEVAN\DOCUMENTS\GITHUB\DICEME\DEBUG\DICEME.ILK
C:\USERS\KEVAN\DOCUMENTS\GITHUB\DICEME\DEBUG\DICEME.PDB
C:\Users\Kevan\Documents\GitHub\DiceMe\DiceMe\Debug\cl.command.1.tlog
C:\Users\Kevan\Documents\GitHub\DiceMe\DiceMe\Debug\CL.read.1.tlog
C:\Users\Kevan\Documents\GitHub\DiceMe\DiceMe\Debug\CL.write.1.tlog
C:\USERS\KEVAN\DOCUMENTS\GITHUB\DICEME\DICEME\DEBUG\DICEME.EXE.EMBED.MANIFEST
C:\USERS\KEVAN\DOCUMENTS\GITHUB\DICEME\DICEME\DEBUG\DICEME.EXE.EMBED.MANIFEST.RES
C:\USERS\KEVAN\DOCUMENTS\GITHUB\DICEME\DICEME\DEBUG\DICEME.EXE.INTERMEDIATE.MANIFEST
C:\USERS\KEVAN\DOCUMENTS\GITHUB\DICEME\DICEME\DEBUG\DICEME.OBJ
C:\USERS\KEVAN\DOCUMENTS\GITHUB\DICEME\DICEME\DEBUG\DICEME.PCH
C:\USERS\KEVAN\DOCUMENTS\GITHUB\DICEME\DICEME\DEBUG\DICEME.RES
C:\Users\Kevan\Documents\GitHub\DiceMe\DiceMe\Debug\DiceMe.write.1.tlog
C:\Users\Kevan\Documents\GitHub\DiceMe\DiceMe\Debug\DiceMe_manifest.rc
C:\USERS\KEVAN\DOCUMENTS\GITHUB\DICEME\DICEME\DEBUG\DICEMEDLG.OBJ
C:\Users\Kevan\Documents\GitHub\DiceMe\DiceMe\Debug\link.command.1.tlog
C:\Users\Kevan\Documents\GitHub\DiceMe\DiceMe\Debug\link.read.1.tlog
C:\Users\Kevan\Documents\GitHub\DiceMe\DiceMe\Debug\link.write.1.tlog
C:\Users\Kevan\Documents\GitHub\DiceMe\DiceMe\Debug\link-cvtres.read.1.tlog
C:\Users\Kevan\Documents\GitHub\DiceMe\DiceMe\Debug\link-cvtres.write.1.tlog
C:\Users\Kevan\Documents\GitHub\DiceMe\DiceMe\Debug\mt.command.1.tlog
C:\Users\Kevan\Documents\GitHub\DiceMe\DiceMe\Debug\mt.read.1.tlog
C:\Users\Kevan\Documents\GitHub\DiceMe\DiceMe\Debug\mt.write.1.tlog
C:\USERS\KEVAN\DOCUMENTS\GITHUB\DICEME\DICEME\DEBUG\PRNG.OBJ
C:\Users\Kevan\Documents\GitHub\DiceMe\DiceMe\Debug\rc.command.1.tlog
C:\Users\Kevan\Documents\GitHub\DiceMe\DiceMe\Debug\rc.read.1.tlog
C:\Users\Kevan\Documents\GitHub\DiceMe\DiceMe\Debug\rc.write.1.tlog
C:\USERS\KEVAN\DOCUMENTS\GITHUB\DICEME\DICEME\DEBUG\STDAFX.OBJ
C:\Users\Kevan\Documents\GitHub\DiceMe\DiceMe\Debug\vc100.idb
C:\USERS\KEVAN\DOCUMENTS\GITHUB\DICEME\DICEME\DEBUG\VC100.PDB
